      1024 ,        8 ,    27.0270 ,  71.19
      1024 ,       32 ,    23.2558 ,  66.80
      1024 ,       64 ,    23.8095 ,  72.07
      1024 ,      128 ,    23.2558 ,  70.61
      1024 ,      256 ,    23.2558 ,  70.41
      4096 ,        8 ,    74.0741 ,  70.68
      4096 ,       32 ,    81.6327 ,  70.19
      4096 ,       64 ,    93.0233 ,  70.73
      4096 ,      128 ,    80.0000 ,  69.87
      4096 ,      256 ,    78.4314 ,  71.70
     16384 ,        8 ,   340.4255 ,  71.57
     16384 ,       32 ,   326.5306 ,  71.30
     16384 ,       64 ,   372.0930 ,  70.85
     16384 ,      128 ,   320.0000 ,  71.16
     16384 ,      256 ,   363.6364 ,  71.59
     65536 ,        8 ,  1111.2317 ,  71.03
     65536 ,       32 ,  1365.3333 ,  71.01
     65536 ,       64 ,  1433.1700 ,  71.21
     65536 ,      128 ,  1441.2386 ,  70.83
     65536 ,      256 ,  1450.4249 ,  70.87
    262144 ,        8 ,  2479.4189 ,  70.83
    262144 ,       32 ,  4541.0200 ,  71.01
    262144 ,       64 ,  4571.4285 ,  71.01
    262144 ,      128 ,  5542.6253 ,  71.11
    262144 ,      256 ,  4790.6433 ,  71.05
   1048576 ,        8 ,  3982.4987 ,  70.99
   1048576 ,       32 , 10590.8208 ,  70.91
   1048576 ,       64 , 12815.0180 ,  70.95
   1048576 ,      128 , 14057.4857 ,  70.94
   1048576 ,      256 , 13721.9429 ,  70.96
   2097152 ,        8 ,  4380.4560 ,  70.96
   2097152 ,       32 , 13476.4548 ,  70.95
   2097152 ,       64 , 19151.3736 ,  70.95
   2097152 ,      128 , 21277.9225 ,  70.99
   2097152 ,      256 , 21564.9878 ,  70.97
